TN:
SF:script/Deploy.s.sol
DA:15,0
FN:15,Deploy.run
FNDA:0,Deploy.run
DA:16,0
DA:17,0
DA:18,0
DA:20,0
DA:22,0
DA:23,0
DA:24,0
DA:26,0
DA:27,0
DA:28,0
DA:30,0
DA:32,0
DA:34,0
DA:35,0
DA:36,0
DA:37,0
DA:38,0
FNF:1
FNH:0
LF:18
LH:0
BRF:0
BRH:0
end_of_record
TN:
SF:script/DeployProxies.s.sol
DA:15,0
FN:15,DeployProxies.run
FNDA:0,DeployProxies.run
DA:16,0
DA:17,0
DA:18,0
DA:19,0
DA:20,0
DA:22,0
BRDA:22,0,0,-
BRDA:22,0,1,-
DA:23,0
BRDA:23,1,0,-
BRDA:23,1,1,-
DA:25,0
DA:27,0
DA:28,0
DA:30,0
DA:31,0
DA:33,0
DA:35,0
DA:37,0
DA:38,0
DA:39,0
FNF:1
FNH:0
LF:18
LH:0
BRF:4
BRH:0
end_of_record
TN:
SF:script/UpgradePaymentChannel.s.sol
DA:14,0
FN:14,UpgradePaymentChannel.run
FNDA:0,UpgradePaymentChannel.run
DA:15,0
DA:16,0
DA:17,0
BRDA:17,0,0,-
BRDA:17,0,1,-
DA:19,0
DA:21,0
DA:22,0
DA:23,0
DA:25,0
DA:27,0
DA:28,0
FNF:1
FNH:0
LF:11
LH:0
BRF:2
BRH:0
end_of_record
TN:
SF:src/Adjudicator.sol
DA:79,92
FN:79,Adjudicator.constructor
FNDA:92,Adjudicator.constructor
DA:80,92
DA:86,91
FN:86,Adjudicator.initialize
FNDA:91,Adjudicator.initialize
DA:87,89
DA:88,89
DA:89,89
DA:93,1
FN:93,Adjudicator.hashChannelState
FNDA:1,Adjudicator.hashChannelState
DA:94,67463
DA:108,1
FN:108,Adjudicator.hashHtlc
FNDA:1,Adjudicator.hashHtlc
DA:109,2
DA:113,1
FN:113,Adjudicator.hashUpdate
FNDA:1,Adjudicator.hashUpdate
DA:114,3
DA:125,3
DA:129,1
FN:129,Adjudicator.hashCooperativeClose
FNDA:1,Adjudicator.hashCooperativeClose
DA:130,3
DA:137,39047
FN:137,Adjudicator.recoverStateSigner
FNDA:39047,Adjudicator.recoverStateSigner
DA:138,39047
DA:139,39047
DA:143,2
FN:143,Adjudicator.recoverUpdateSigner
FNDA:2,Adjudicator.recoverUpdateSigner
DA:144,2
DA:145,2
DA:149,1
FN:149,Adjudicator.recoverCooperativeCloseSigner
FNDA:1,Adjudicator.recoverCooperativeCloseSigner
DA:154,1
DA:155,1
DA:160,1
FN:160,Adjudicator.recoverHtlcSigner
FNDA:1,Adjudicator.recoverHtlcSigner
DA:161,1
DA:162,1
DA:167,28417
FN:167,Adjudicator.verifyDualSig
FNDA:28417,Adjudicator.verifyDualSig
DA:174,28417
DA:175,28415
DA:176,28415
DA:177,28415
DA:178,28415
DA:182,3
FN:182,Adjudicator.verifyDualCooperativeClose
FNDA:3,Adjudicator.verifyDualCooperativeClose
DA:189,3
DA:190,1
DA:191,1
DA:192,1
DA:193,1
DA:198,95883
FN:198,Adjudicator._tryRecover
FNDA:95883,Adjudicator._tryRecover
DA:199,95883
DA:200,95883
DA:201,95881
DA:205,2
FN:205,Adjudicator._authorizeUpgrade
FNDA:2,Adjudicator._authorizeUpgrade
FNF:14
FNH:14
LF:44
LH:44
BRF:0
BRH:0
end_of_record
TN:
SF:src/HTLC.sol
DA:27,6818
FN:27,HTLC.hashLock
FNDA:6818,HTLC.hashLock
DA:28,6818
DA:33,383
FN:33,HTLC.verifyPreimage
FNDA:383,HTLC.verifyPreimage
DA:34,383
DA:42,1083
FN:42,HTLC.rootOf
FNDA:1083,HTLC.rootOf
DA:43,1083
DA:44,1083
DA:46,1074
DA:47,1074
DA:48,1074
DA:49,5659
DA:52,3683
DA:53,2609
DA:54,2609
DA:55,2609
DA:56,2609
DA:57,5527
DA:58,5527
DA:59,5527
DA:61,2609
DA:63,1074
DA:70,1074
FN:70,HTLC._sortById
FNDA:1074,HTLC._sortById
DA:71,1074
DA:72,1074
DA:73,1074
DA:74,5659
DA:76,1074
DA:77,4585
DA:78,4585
DA:79,12623
DA:80,8038
DA:82,8038
DA:85,4585
DA:87,1074
FNF:4
FNH:4
LF:34
LH:34
BRF:0
BRH:0
end_of_record
TN:
SF:src/PaymentChannel.sol
DA:94,93
FN:94,PaymentChannel.constructor
FNDA:93,PaymentChannel.constructor
DA:95,93
DA:101,92
FN:101,PaymentChannel.initialize
FNDA:92,PaymentChannel.initialize
DA:102,90
BRDA:102,0,0,1
BRDA:102,0,1,89
DA:103,89
DA:104,89
DA:105,89
DA:106,89
DA:110,92
FN:110,PaymentChannel.setTokenAllowed
FNDA:92,PaymentChannel.setTokenAllowed
DA:111,91
BRDA:111,1,0,1
BRDA:111,1,1,90
DA:112,90
DA:113,90
DA:117,151371
FN:117,PaymentChannel.channels
FNDA:151371,PaymentChannel.channels
DA:118,151371
DA:125,58223
FN:125,PaymentChannel.openChannel
FNDA:58223,PaymentChannel.openChannel
DA:131,58223
BRDA:131,2,0,1
BRDA:131,2,1,58222
DA:132,58222
BRDA:132,3,0,1
BRDA:132,3,1,58221
DA:133,58221
BRDA:133,4,0,1
BRDA:133,4,1,58220
DA:134,58220
BRDA:134,5,0,1
BRDA:134,5,1,58219
DA:135,58219
BRDA:135,6,0,1
BRDA:135,6,1,58218
DA:136,58218
BRDA:136,7,0,1
BRDA:136,7,1,58217
DA:138,58217
DA:139,58217
DA:140,58217
BRDA:140,8,0,-
BRDA:140,8,1,58217
DA:142,58217
DA:158,58217
BRDA:158,9,0,57489
DA:159,58216
BRDA:159,10,0,57420
DA:161,58216
DA:168,28673
FN:168,PaymentChannel.closeCooperative
FNDA:28673,PaymentChannel.closeCooperative
DA:172,28673
DA:173,28673
BRDA:173,11,0,1
BRDA:173,11,1,28672
DA:175,28672
DA:176,28672
BRDA:176,12,0,1
BRDA:176,12,1,28671
DA:177,28671
BRDA:177,13,0,1
BRDA:177,13,1,28670
DA:178,28670
BRDA:178,14,0,1
BRDA:178,14,1,28669
DA:179,28669
BRDA:179,15,0,257
BRDA:179,15,1,28412
DA:181,28412
BRDA:181,16,0,1
BRDA:181,16,1,28411
DA:183,28411
DA:184,28411
DA:185,28411
DA:186,28411
DA:187,28411
DA:188,28411
DA:190,28411
DA:192,28411
BRDA:192,17,0,28027
DA:193,28411
BRDA:193,18,0,28411
DA:195,28411
DA:201,28665
FN:201,PaymentChannel.closeUnilateral
FNDA:28665,PaymentChannel.closeUnilateral
DA:205,28665
DA:206,28665
BRDA:206,19,0,2
BRDA:206,19,1,28663
DA:207,28663
BRDA:207,20,0,1
BRDA:207,20,1,28662
DA:209,28662
DA:210,28662
BRDA:210,21,0,1
BRDA:210,21,1,28661
DA:211,28661
BRDA:211,22,0,1
BRDA:211,22,1,28660
DA:212,28660
BRDA:212,23,0,1
BRDA:212,23,1,28659
DA:214,28659
DA:215,28659
DA:216,28659
BRDA:216,24,0,1
BRDA:216,24,1,28658
DA:218,28658
DA:219,28658
DA:220,28658
DA:221,28658
DA:222,28658
DA:223,28658
DA:225,28658
DA:235,10133
FN:235,PaymentChannel.dispute
FNDA:10133,PaymentChannel.dispute
DA:236,10133
DA:237,10133
BRDA:237,25,0,2
BRDA:237,25,1,10131
DA:239,10131
DA:240,10131
BRDA:240,26,0,1
BRDA:240,26,1,10130
DA:241,10130
BRDA:241,27,0,4
BRDA:241,27,1,10126
DA:242,10126
BRDA:242,28,0,1
BRDA:242,28,1,10125
DA:243,10125
BRDA:243,29,0,1
BRDA:243,29,1,10124
DA:245,10124
BRDA:245,30,0,258
BRDA:245,30,1,9866
DA:247,9866
DA:248,9866
DA:249,9866
DA:251,9866
DA:259,12
FN:259,PaymentChannel.submitPenaltyProof
FNDA:12,PaymentChannel.submitPenaltyProof
DA:263,12
DA:264,12
BRDA:264,31,0,2
BRDA:264,31,1,10
DA:266,10
DA:267,10
BRDA:267,32,0,1
BRDA:267,32,1,9
DA:268,9
BRDA:268,33,0,2
BRDA:268,33,1,7
DA:269,7
BRDA:269,34,0,1
BRDA:269,34,1,6
DA:270,6
BRDA:270,35,0,1
BRDA:270,35,1,5
DA:272,5
BRDA:272,36,0,1
BRDA:272,36,1,4
DA:274,4
DA:275,4
DA:276,4
DA:277,4
DA:279,4
DA:280,4
DA:281,4
DA:287,9782
FN:287,PaymentChannel.finalize
FNDA:9782,PaymentChannel.finalize
DA:288,9782
DA:289,9782
BRDA:289,37,0,3
BRDA:289,37,1,9779
DA:290,9779
BRDA:290,38,0,1
BRDA:290,38,1,9778
DA:292,9778
DA:293,9778
DA:294,9778
DA:295,9778
DA:296,9778
DA:298,2
BRDA:298,39,0,2
BRDA:298,39,1,1
DA:299,2
DA:300,2
BRDA:300,40,0,1
BRDA:300,40,1,1
DA:301,1
DA:303,1
DA:306,9776
DA:307,9776
DA:310,9778
DA:312,9778
BRDA:312,41,0,9680
DA:313,9778
BRDA:313,42,0,9777
DA:315,9778
DA:323,28412
FN:323,PaymentChannel._verifyDualSig
FNDA:28412,PaymentChannel._verifyDualSig
DA:330,28412
DA:335,38788
FN:335,PaymentChannel._recoverStateSigner
FNDA:38788,PaymentChannel._recoverStateSigner
DA:340,38788
DA:344,2
FN:344,PaymentChannel._authorizeUpgrade
FNDA:2,PaymentChannel._authorizeUpgrade
FNF:13
FNH:13
LF:119
LH:119
BRF:80
BRH:79
end_of_record
TN:
SF:test/PaymentChannel.invariant.t.sol
DA:30,3
FN:30,ChannelHandler.constructor
FNDA:3,ChannelHandler.constructor
DA:31,3
DA:32,3
DA:33,3
DA:34,3
DA:35,3
DA:36,3
DA:43,76866
FN:43,ChannelHandler.open
FNDA:76866,ChannelHandler.open
DA:44,76866
DA:45,76866
DA:46,76866
DA:47,56893
DA:49,56893
DA:50,56893
DA:51,56893
DA:52,56893
DA:53,56893
DA:54,56893
DA:56,56893
DA:57,56893
DA:58,56893
DA:59,56893
DA:60,56893
DA:67,76635
FN:67,ChannelHandler.closeCooperative
FNDA:76635,ChannelHandler.closeCooperative
DA:68,76635
DA:69,37214
DA:70,37214
DA:71,37214
DA:72,37214
BRDA:72,3,0,9061
DA:73,9061
DA:74,9061
DA:76,28153
DA:77,28153
DA:78,28153
DA:80,28153
DA:88,28153
DA:89,28153
DA:90,28153
DA:92,28153
DA:93,28153
DA:100,76506
FN:100,ChannelHandler.closeUnilateral
FNDA:76506,ChannelHandler.closeUnilateral
DA:101,76506
DA:102,37228
DA:103,37228
DA:104,37228
DA:105,37228
BRDA:105,5,0,9105
DA:106,9105
DA:107,9105
DA:109,28123
DA:110,28123
DA:111,28123
DA:112,28123
DA:114,28123
DA:122,28123
DA:123,28123
DA:124,28123
DA:131,77676
FN:131,ChannelHandler.dispute
FNDA:77676,ChannelHandler.dispute
DA:132,77676
DA:133,38165
DA:134,38165
DA:135,38165
DA:136,38165
DA:137,9607
DA:139,9607
DA:140,9607
DA:141,9607
DA:143,9607
DA:152,9607
DA:153,9607
DA:154,9607
DA:161,77817
FN:161,ChannelHandler.finalize
FNDA:77817,ChannelHandler.finalize
DA:162,77817
DA:163,38244
DA:164,38244
DA:165,38244
DA:166,38244
DA:167,9773
BRDA:167,10,0,9162
DA:168,9162
DA:170,9773
DA:171,9773
DA:172,9773
DA:173,9773
DA:180,0
FN:180,ChannelHandler.openIdsLength
FNDA:0,ChannelHandler.openIdsLength
DA:181,0
DA:184,56092
FN:184,ChannelHandler._removeOpenAt
FNDA:56092,ChannelHandler._removeOpenAt
DA:185,56092
DA:186,56092
BRDA:186,11,0,17861
DA:187,56092
DA:190,94036
FN:190,ChannelHandler._sign
FNDA:94036,ChannelHandler._sign
DA:191,94036
DA:204,94036
DA:205,94036
DA:206,94036
FNF:9
FNH:8
LF:93
LH:91
BRF:4
BRH:4
end_of_record
TN:
SF:test/helpers/Fixtures.sol
DA:30,86
FN:30,Fixtures._deployStack
FNDA:86,Fixtures._deployStack
DA:31,86
DA:32,86
DA:33,86
DA:34,86
DA:35,86
DA:36,86
DA:38,86
DA:39,86
DA:40,86
DA:42,86
DA:43,86
DA:44,86
DA:46,86
DA:47,86
DA:48,86
DA:50,86
DA:53,86
FN:53,Fixtures._computeDomainSeparator
FNDA:86,Fixtures._computeDomainSeparator
DA:54,86
DA:55,86
DA:56,86
DA:67,184
FN:67,Fixtures._fund
FNDA:184,Fixtures._fund
DA:68,184
DA:69,184
DA:70,184
DA:73,2388
FN:73,Fixtures._domainSeparator
FNDA:2388,Fixtures._domainSeparator
DA:74,2388
DA:77,2380
FN:77,Fixtures._digestState
FNDA:2380,Fixtures._digestState
DA:78,2380
DA:91,2380
DA:94,2
FN:94,Fixtures._digestUpdate
FNDA:2,Fixtures._digestUpdate
DA:95,2
DA:108,2
DA:119,2
DA:122,5
FN:122,Fixtures._digestCoopClose
FNDA:5,Fixtures._digestCoopClose
DA:123,5
DA:134,5
DA:137,1
FN:137,Fixtures._digestHtlc
FNDA:1,Fixtures._digestHtlc
DA:138,1
DA:148,1
DA:151,2380
FN:151,Fixtures._signState
FNDA:2380,Fixtures._signState
DA:152,2380
DA:153,2380
DA:156,5
FN:156,Fixtures._signCoopClose
FNDA:5,Fixtures._signCoopClose
DA:157,5
DA:158,5
DA:161,2
FN:161,Fixtures._signUpdate
FNDA:2,Fixtures._signUpdate
DA:162,2
DA:163,2
DA:166,1
FN:166,Fixtures._signHtlc
FNDA:1,Fixtures._signHtlc
DA:167,1
DA:168,1
FNF:12
FNH:12
LF:52
LH:52
BRF:0
BRH:0
end_of_record
TN:
SF:test/mocks/MockERC20.sol
DA:11,91
FN:11,MockERC20.constructor
FNDA:91,MockERC20.constructor
DA:12,91
DA:15,0
FN:15,MockERC20.decimals
FNDA:0,MockERC20.decimals
DA:16,0
DA:19,113972
FN:19,MockERC20.mint
FNDA:113972,MockERC20.mint
DA:20,113972
FNF:3
FNH:2
LF:6
LH:4
BRF:0
BRH:0
end_of_record
