TN:
SF:src/Adjudicator.sol
DA:79,90
FN:79,Adjudicator.constructor
FNDA:90,Adjudicator.constructor
DA:80,90
DA:86,89
FN:86,Adjudicator.initialize
FNDA:89,Adjudicator.initialize
DA:87,87
DA:88,87
DA:89,87
DA:93,1
FN:93,Adjudicator.hashChannelState
FNDA:1,Adjudicator.hashChannelState
DA:94,66850
DA:108,1
FN:108,Adjudicator.hashHtlc
FNDA:1,Adjudicator.hashHtlc
DA:109,2
DA:113,1
FN:113,Adjudicator.hashUpdate
FNDA:1,Adjudicator.hashUpdate
DA:114,3
DA:125,3
DA:129,1
FN:129,Adjudicator.hashCooperativeClose
FNDA:1,Adjudicator.hashCooperativeClose
DA:130,3
DA:137,38444
FN:137,Adjudicator.recoverStateSigner
FNDA:38444,Adjudicator.recoverStateSigner
DA:138,38444
DA:139,38444
DA:143,2
FN:143,Adjudicator.recoverUpdateSigner
FNDA:2,Adjudicator.recoverUpdateSigner
DA:144,2
DA:145,2
DA:149,1
FN:149,Adjudicator.recoverCooperativeCloseSigner
FNDA:1,Adjudicator.recoverCooperativeCloseSigner
DA:154,1
DA:155,1
DA:160,1
FN:160,Adjudicator.recoverHtlcSigner
FNDA:1,Adjudicator.recoverHtlcSigner
DA:161,1
DA:162,1
DA:167,28407
FN:167,Adjudicator.verifyDualSig
FNDA:28407,Adjudicator.verifyDualSig
DA:174,28407
DA:175,28405
DA:176,28405
DA:177,28405
DA:178,28405
DA:182,3
FN:182,Adjudicator.verifyDualCooperativeClose
FNDA:3,Adjudicator.verifyDualCooperativeClose
DA:189,3
DA:190,1
DA:191,1
DA:192,1
DA:193,1
DA:198,95260
FN:198,Adjudicator._tryRecover
FNDA:95260,Adjudicator._tryRecover
DA:199,95260
DA:200,95260
DA:201,95258
DA:205,2
FN:205,Adjudicator._authorizeUpgrade
FNDA:2,Adjudicator._authorizeUpgrade
FNF:14
FNH:14
LF:44
LH:44
BRF:0
BRH:0
end_of_record
TN:
SF:src/HTLC.sol
DA:27,6582
FN:27,HTLC.hashLock
FNDA:6582,HTLC.hashLock
DA:28,6582
DA:33,259
FN:33,HTLC.verifyPreimage
FNDA:259,HTLC.verifyPreimage
DA:34,259
DA:42,1033
FN:42,HTLC.rootOf
FNDA:1033,HTLC.rootOf
DA:43,1033
DA:44,1033
DA:46,1032
DA:47,1032
DA:48,1032
DA:49,5547
DA:52,3582
DA:53,2550
DA:54,2550
DA:55,2550
DA:56,2550
DA:57,5422
DA:58,5422
DA:59,5422
DA:61,2550
DA:63,1032
DA:70,1032
FN:70,HTLC._sortById
FNDA:1032,HTLC._sortById
DA:71,1032
DA:72,1032
DA:73,1032
DA:74,5547
DA:76,1032
DA:77,4515
DA:78,4515
DA:79,12454
DA:80,7939
DA:82,7939
DA:85,4515
DA:87,1032
FNF:4
FNH:4
LF:34
LH:34
BRF:0
BRH:0
end_of_record
TN:
SF:src/PaymentChannel.sol
DA:94,91
FN:94,PaymentChannel.constructor
FNDA:91,PaymentChannel.constructor
DA:95,91
DA:101,90
FN:101,PaymentChannel.initialize
FNDA:90,PaymentChannel.initialize
DA:102,88
BRDA:102,0,0,1
BRDA:102,0,1,87
DA:103,87
DA:104,87
DA:105,87
DA:106,87
DA:110,90
FN:110,PaymentChannel.setTokenAllowed
FNDA:90,PaymentChannel.setTokenAllowed
DA:111,89
BRDA:111,1,0,1
BRDA:111,1,1,88
DA:112,88
DA:113,88
DA:117,151474
FN:117,PaymentChannel.channels
FNDA:151474,PaymentChannel.channels
DA:118,151474
DA:125,57948
FN:125,PaymentChannel.openChannel
FNDA:57948,PaymentChannel.openChannel
DA:131,57948
BRDA:131,2,0,1
BRDA:131,2,1,57947
DA:132,57947
BRDA:132,3,0,1
BRDA:132,3,1,57946
DA:133,57946
BRDA:133,4,0,1
BRDA:133,4,1,57945
DA:134,57945
BRDA:134,5,0,1
BRDA:134,5,1,57944
DA:135,57944
BRDA:135,6,0,1
BRDA:135,6,1,57943
DA:136,57943
BRDA:136,7,0,1
BRDA:136,7,1,57942
DA:138,57942
DA:139,57942
DA:140,57942
BRDA:140,8,0,-
BRDA:140,8,1,57942
DA:142,57942
DA:158,57942
BRDA:158,9,0,57213
DA:159,57941
BRDA:159,10,0,57143
DA:161,57941
DA:168,28663
FN:168,PaymentChannel.closeCooperative
FNDA:28663,PaymentChannel.closeCooperative
DA:172,28663
DA:173,28663
BRDA:173,11,0,1
BRDA:173,11,1,28662
DA:175,28662
DA:176,28662
BRDA:176,12,0,1
BRDA:176,12,1,28661
DA:177,28661
BRDA:177,13,0,1
BRDA:177,13,1,28660
DA:178,28660
BRDA:178,14,0,1
BRDA:178,14,1,28659
DA:179,28659
BRDA:179,15,0,257
BRDA:179,15,1,28402
DA:181,28402
BRDA:181,16,0,1
BRDA:181,16,1,28401
DA:183,28401
DA:184,28401
DA:185,28401
DA:186,28401
DA:187,28401
DA:188,28401
DA:190,28401
DA:192,28401
BRDA:192,17,0,27998
DA:193,28401
BRDA:193,18,0,28400
DA:195,28401
DA:201,28397
FN:201,PaymentChannel.closeUnilateral
FNDA:28397,PaymentChannel.closeUnilateral
DA:205,28397
DA:206,28397
BRDA:206,19,0,2
BRDA:206,19,1,28395
DA:207,28395
BRDA:207,20,0,1
BRDA:207,20,1,28394
DA:209,28394
DA:210,28394
BRDA:210,21,0,1
BRDA:210,21,1,28393
DA:211,28393
BRDA:211,22,0,1
BRDA:211,22,1,28392
DA:212,28392
BRDA:212,23,0,1
BRDA:212,23,1,28391
DA:214,28391
DA:215,28391
DA:216,28391
BRDA:216,24,0,1
BRDA:216,24,1,28390
DA:218,28390
DA:219,28390
DA:220,28390
DA:221,28390
DA:222,28390
DA:223,28390
DA:225,28390
DA:231,9798
FN:231,PaymentChannel.dispute
FNDA:9798,PaymentChannel.dispute
DA:232,9798
DA:233,9798
BRDA:233,25,0,2
BRDA:233,25,1,9796
DA:235,9796
DA:236,9796
BRDA:236,26,0,1
BRDA:236,26,1,9795
DA:237,9795
BRDA:237,27,0,4
BRDA:237,27,1,9791
DA:238,9791
BRDA:238,28,0,1
BRDA:238,28,1,9790
DA:239,9790
BRDA:239,29,0,1
BRDA:239,29,1,9789
DA:241,9789
DA:242,9789
DA:243,9789
BRDA:243,30,0,1
BRDA:243,30,1,9788
DA:245,9788
DA:246,9788
DA:247,9788
DA:249,9788
DA:257,12
FN:257,PaymentChannel.submitPenaltyProof
FNDA:12,PaymentChannel.submitPenaltyProof
DA:261,12
DA:262,12
BRDA:262,31,0,2
BRDA:262,31,1,10
DA:264,10
DA:265,10
BRDA:265,32,0,1
BRDA:265,32,1,9
DA:266,9
BRDA:266,33,0,2
BRDA:266,33,1,7
DA:267,7
BRDA:267,34,0,1
BRDA:267,34,1,6
DA:268,6
BRDA:268,35,0,1
BRDA:268,35,1,5
DA:270,5
BRDA:270,36,0,1
BRDA:270,36,1,4
DA:272,4
DA:273,4
DA:274,4
DA:275,4
DA:277,4
DA:278,4
DA:279,4
DA:285,9740
FN:285,PaymentChannel.finalize
FNDA:9740,PaymentChannel.finalize
DA:286,9740
DA:287,9740
BRDA:287,37,0,3
BRDA:287,37,1,9737
DA:288,9737
BRDA:288,38,0,1
BRDA:288,38,1,9736
DA:290,9736
DA:291,9736
DA:292,9736
DA:293,9736
DA:294,9736
DA:296,2
BRDA:296,39,0,2
BRDA:296,39,1,1
DA:297,2
DA:298,2
BRDA:298,40,0,1
BRDA:298,40,1,1
DA:299,1
DA:301,1
DA:304,9734
DA:305,9734
DA:308,9736
DA:310,9736
BRDA:310,41,0,9633
DA:311,9736
BRDA:311,42,0,9735
DA:313,9736
DA:321,28402
FN:321,PaymentChannel._verifyDualSig
FNDA:28402,PaymentChannel._verifyDualSig
DA:328,28402
DA:333,38185
FN:333,PaymentChannel._recoverStateSigner
FNDA:38185,PaymentChannel._recoverStateSigner
DA:338,38185
DA:342,2
FN:342,PaymentChannel._authorizeUpgrade
FNDA:2,PaymentChannel._authorizeUpgrade
FNF:13
FNH:13
LF:121
LH:121
BRF:80
BRH:79
end_of_record
